\BOOKMARK [1][-]{section.1}{}{}% 1
\BOOKMARK [2][-]{song1-2.2}{2. Hino dos Ti\347\365es}{section.1}% 2
\BOOKMARK [2][-]{song1-3.2}{3. Hino dos Desbravadores}{section.1}% 3
\BOOKMARK [2][-]{song1-4.2}{4. Hino dos Companheiros}{section.1}% 4
\BOOKMARK [2][-]{song1-5.2}{5. Hino do Mission\341rio Volunt\341rio}{section.1}% 5
\BOOKMARK [2][-]{song1-6.2}{6. Hino do Projecto 70}{section.1}% 6
\BOOKMARK [2][-]{song1-7.2}{7. No Esp\355rito Unidos}{section.1}% 7
\BOOKMARK [2][-]{song1-8.2}{8. Liberdade}{section.1}% 8
\BOOKMARK [2][-]{song1-9.2}{9. Old time religion}{section.1}% 9
\BOOKMARK [2][-]{song1-10.2}{10. Vencendo Vem Jesus}{section.1}% 10
\BOOKMARK [2][-]{song1-11.2}{11. Pescadores de Homens}{section.1}% 11
\BOOKMARK [2][-]{song1-12.2}{12. Gozo no cora\347\343o}{section.1}% 12
\BOOKMARK [2][-]{song1-13.2}{13. Oh! Prends Mon \302me}{section.1}% 13
\BOOKMARK [2][-]{song1-14.2}{14. Cum ba Y\341}{section.1}% 14
\BOOKMARK [2][-]{song1-15.2}{15. Caminhando}{section.1}% 15
\BOOKMARK [2][-]{song1-16.2}{16. Viste Quando}{section.1}% 16
\BOOKMARK [2][-]{song1-17.2}{17. J\220ai choisi de suivre J\351sus-Christ}{section.1}% 17
\BOOKMARK [2][-]{song1-18.2}{18. Quando Penso Na Cruz}{section.1}% 18
\BOOKMARK [2][-]{song1-19.2}{19. Em nada ponho a minha f\351}{section.1}% 19
\BOOKMARK [2][-]{song1-20.2}{20. Estranha gra\347a de Jesus}{section.1}% 20
\BOOKMARK [2][-]{song1-21.2}{21. Amen}{section.1}% 21
\BOOKMARK [2][-]{song1-22.2}{22. Sal da Terra}{section.1}% 22
\BOOKMARK [2][-]{song1-23.2}{23. N\343o Desistir}{section.1}% 23
\BOOKMARK [2][-]{song1-24.2}{24. Hoje Sou Feliz}{section.1}% 24
\BOOKMARK [2][-]{song1-25.2}{25. L\220amour du Sauveur}{section.1}% 25
\BOOKMARK [2][-]{song1-26.2}{26. Canta a Alegria}{section.1}% 26
\BOOKMARK [2][-]{song1-27.2}{27. Oh! Sorri sempre!}{section.1}% 27
\BOOKMARK [2][-]{song1-28.2}{28. Seguindo a Jesus}{section.1}% 28
\BOOKMARK [2][-]{song1-107.2}{107. Jesus \351 o Caminho}{section.1}% 29
\BOOKMARK [2][-]{song1-30.2}{30. M\343os}{section.1}% 30
\BOOKMARK [2][-]{song1-31.2}{31. Quero andar com meu Jesus}{section.1}% 31
\BOOKMARK [2][-]{song1-32.2}{32. Aleluia!}{section.1}% 32
\BOOKMARK [2][-]{song1-33.2}{33. Maravilhoso Jesus}{section.1}% 33
\BOOKMARK [2][-]{song1-34.2}{34. Avec des cris de joie}{section.1}% 34
\BOOKMARK [2][-]{song1-35.2}{35. Tenho um hino no meu cora\347\343o}{section.1}% 35
\BOOKMARK [2][-]{song1-36.2}{36. Pescador de homens}{section.1}% 36
\BOOKMARK [2][-]{song1-37.2}{37. Esta Esperan\347a}{section.1}% 37
\BOOKMARK [2][-]{song1-38.2}{38. Saudade}{section.1}% 38
\BOOKMARK [2][-]{song1-39.2}{39. He was there all the time}{section.1}% 39
\BOOKMARK [2][-]{song1-40.2}{40. A paz do c\351u}{section.1}% 40
\BOOKMARK [2][-]{song1-41.2}{41. Praise the Lord}{section.1}% 41
\BOOKMARK [2][-]{song1-42.2}{42. Supremo Anelo}{section.1}% 42
\BOOKMARK [2][-]{song1-43.2}{43. Satisfa\347\343o}{section.1}% 43
\BOOKMARK [2][-]{song1-44.2}{44. Canta Hosana!}{section.1}% 44
\BOOKMARK [2][-]{song1-45.2}{45. Algu\351m perto est\341}{section.1}% 45
\BOOKMARK [2][-]{song1-46.2}{46. A different House!}{section.1}% 46
\BOOKMARK [2][-]{song1-47.2}{47. N\343o me esquecerei}{section.1}% 47
\BOOKMARK [2][-]{song1-48.2}{48. A rocha de Horeb}{section.1}% 48
\BOOKMARK [2][-]{song1-49.2}{49. Louange}{section.1}% 49
\BOOKMARK [2][-]{song1-50.2}{50. Meu meu meu}{section.1}% 50
\BOOKMARK [2][-]{song1-51.2}{51. Amor Amor...}{section.1}% 51
\BOOKMARK [2][-]{song1-52.2}{52. Estamos Unidos}{section.1}% 52
\BOOKMARK [2][-]{song1-53.2}{53. Chegou o Tempo}{section.1}% 53
\BOOKMARK [2][-]{song1-54.2}{54. \311 Teu Sangue}{section.1}% 54
\BOOKMARK [2][-]{song1-55.2}{55. Yeshua mashea}{section.1}% 55
\BOOKMARK [2][-]{song1-56.2}{56. He\220s got the whole world in His hands}{section.1}% 56
\BOOKMARK [2][-]{song1-57.2}{57. Ningu\351m Te Amou}{section.1}% 57
\BOOKMARK [2][-]{song1-58.2}{58. Um Futuro e uma Esperan\347a}{section.1}% 58
\BOOKMARK [2][-]{song1-59.2}{59. O Reino do Amor \(Oasis\)}{section.1}% 59
\BOOKMARK [2][-]{song1-60.2}{60. We Sing Hossana}{section.1}% 60
\BOOKMARK [2][-]{song1-61.2}{61. A nossa for\347a \351 o cantar}{section.1}% 61
\BOOKMARK [2][-]{song1-62.2}{62. Que Dia Feliz}{section.1}% 62
\BOOKMARK [2][-]{song1-63.2}{63. Sei o que n\343o vai tardar}{section.1}% 63
\BOOKMARK [2][-]{song1-64.2}{64. Jesus Te Ama}{section.1}% 64
\BOOKMARK [2][-]{song1-65.2}{65. M\343o na M\343o}{section.1}% 65
\BOOKMARK [2][-]{song1-66.2}{66. Mas que povo \351 este?}{section.1}% 66
\BOOKMARK [2][-]{song1-67.2}{67. A cruz}{section.1}% 67
\BOOKMARK [2][-]{song1-68.2}{68. Cristo}{section.1}% 68
\BOOKMARK [2][-]{song1-69.2}{69. Conhecer Jesus}{section.1}% 69
\BOOKMARK [2][-]{song1-70.2}{70. Esta Minha Paz}{section.1}% 70
\BOOKMARK [2][-]{song1-71.2}{71. Deus est\341 aqui}{section.1}% 71
\BOOKMARK [2][-]{song1-72.2}{72. D\352 Gl\363ria}{section.1}% 72
\BOOKMARK [2][-]{song1-73.2}{73. Cristo \351 Rei}{section.1}% 73
\BOOKMARK [2][-]{song1-74.2}{74. Amigo Leal}{section.1}% 74
\BOOKMARK [2][-]{song1-75.2}{75. Momentos assim}{section.1}% 75
\BOOKMARK [2][-]{song1-76.2}{76. Deus Tu Cuidas do Meu Cora\347\343o}{section.1}% 76
\BOOKMARK [2][-]{song1-77.2}{77. Em Breve Ele Vir\341}{section.1}% 77
\BOOKMARK [2][-]{song1-78.2}{78. Conta comigo}{section.1}% 78
\BOOKMARK [2][-]{song1-79.2}{79. Queria dizer...}{section.1}% 79
\BOOKMARK [2][-]{song1-80.2}{80. Jesus meu grande amigo}{section.1}% 80
\BOOKMARK [2][-]{song1-81.2}{81. Tu \351s Soberano}{section.1}% 81
\BOOKMARK [2][-]{song1-82.2}{82. \311 Tempo de Louvar}{section.1}% 82
\BOOKMARK [2][-]{song1-83.2}{83. Dios es mi esperanza}{section.1}% 83
\BOOKMARK [2][-]{song1-84.2}{84. Cristo \351 bom}{section.1}% 84
\BOOKMARK [2][-]{song1-84.2}{84. Tu es bon}{section.1}% 85
\BOOKMARK [2][-]{song1-85.2}{85. Vinde V\363s Povos}{section.1}% 86
\BOOKMARK [2][-]{song1-86.2}{86. Estou contente}{section.1}% 87
\BOOKMARK [2][-]{song1-87.2}{87. Jesus o \332nico}{section.1}% 88
\BOOKMARK [2][-]{song1-88.2}{88. O guarda da Minha F\351}{section.1}% 89
\BOOKMARK [2][-]{song1-89.2}{89. O Senhor Marchando Est\341}{section.1}% 90
\BOOKMARK [2][-]{song1-90.2}{90. Le\343o de Jud\341}{section.1}% 91
\BOOKMARK [2][-]{song1-91.2}{91. Jesus em breve vir\341...}{section.1}% 92
\BOOKMARK [2][-]{song1-92.2}{92. Vem Connosco para Cantar}{section.1}% 93
\BOOKMARK [2][-]{song1-93.2}{93. Eu s\363 Confio no Senhor}{section.1}% 94
\BOOKMARK [2][-]{song1-94.2}{94. Sonho}{section.1}% 95
\BOOKMARK [2][-]{song1-95.2}{95. Vem viver em mim}{section.1}% 96
\BOOKMARK [2][-]{song1-96.2}{96. A Esperan\347a \351 Jesus}{section.1}% 97
\BOOKMARK [2][-]{song1-97.2}{97. H\341 momentos}{section.1}% 98
\BOOKMARK [2][-]{song1-98.2}{98. Buscai Primeiro o Reino dos C\351us}{section.1}% 99
\BOOKMARK [2][-]{song1-99.2}{99. I\220m Gonna Sing}{section.1}% 100
\BOOKMARK [2][-]{song1-100.2}{100. Meu irm\343o}{section.1}% 101
\BOOKMARK [2][-]{song1-101.2}{101. Jerusal\351m}{section.1}% 102
\BOOKMARK [2][-]{song1-141.2}{141. O Sol Revela a Estrada}{section.1}% 103
\BOOKMARK [2][-]{song1-103.2}{103. Tu \311s O \332nico Senhor da Minha Vida}{section.1}% 104
\BOOKMARK [2][-]{song1-140.2}{140. Viver \351 Agir}{section.1}% 105
\BOOKMARK [2][-]{song1-105.2}{105. Amar \351 fazer amigos}{section.1}% 106
\BOOKMARK [2][-]{song1-106.2}{106. Alegria}{section.1}% 107
\BOOKMARK [2][-]{song1-107.2}{107. Jesus \351 o Caminho}{section.1}% 108
\BOOKMARK [2][-]{song1-138.2}{138. N\343o Tenho Mais Que Temer}{section.1}% 109
\BOOKMARK [2][-]{song1-109.2}{109. N\343o Me Esqueci de Ti}{section.1}% 110
\BOOKMARK [2][-]{song1-110.2}{110. Cristo Vive em Mim}{section.1}% 111
\BOOKMARK [2][-]{song1-111.2}{111. A Minha Esperan\347a}{section.1}% 112
\BOOKMARK [2][-]{song1-112.2}{112. Vou caminhando}{section.1}% 113
\BOOKMARK [2][-]{song1-113.2}{113. Reencontro de Gera\347\365es}{section.1}% 114
\BOOKMARK [2][-]{song1-114.2}{114. Influencia}{section.1}% 115
\BOOKMARK [2][-]{song1-115.2}{115. Um Gesto de Amor}{section.1}% 116
\BOOKMARK [2][-]{song1-117.2}{117. J\341 Falaste}{section.1}% 117
\BOOKMARK [2][-]{song1-118.2}{118. Unidos em Esp\355rito}{section.1}% 118
\BOOKMARK [2][-]{song1-119.2}{119. P'ra Te Adorar}{section.1}% 119
\BOOKMARK [2][-]{song1-120.2}{120. Vaso de Honra/Renova-me}{section.1}% 120
\BOOKMARK [2][-]{song1-121.2}{121. Ligando a Terra ao C\351u}{section.1}% 121
\BOOKMARK [2][-]{song1-122.2}{122. Nuvem Branca}{section.1}% 122
\BOOKMARK [2][-]{song1-123.2}{123. Louvai a Deus}{section.1}% 123
\BOOKMARK [2][-]{song1-124.2}{124. Renova a Tua Casa}{section.1}% 124
\BOOKMARK [2][-]{song1-125.2}{125. Escolhido por Deus}{section.1}% 125
\BOOKMARK [2][-]{song1-126.2}{126. O Poder do Amor}{section.1}% 126
\BOOKMARK [2][-]{song1-127.2}{127. Shine Jesus Shine}{section.1}% 127
\BOOKMARK [2][-]{song1-128.2}{128. Majesty}{section.1}% 128
\BOOKMARK [2][-]{song1-129.2}{129. No iniciar da semana}{section.1}% 129
\BOOKMARK [2][-]{song1-130.2}{130. Sonhos}{section.1}% 130
\BOOKMARK [2][-]{song1-131.2}{131. O senhor \351 o meu pastor}{section.1}% 131
\BOOKMARK [2][-]{song1-132.2}{132. Tornar o Mundo Melhor}{section.1}% 132
\BOOKMARK [2][-]{song1-133.2}{133. Quando a M\343e diz ...}{section.1}% 133
\BOOKMARK [2][-]{song1-134.2}{134. O Sangue da Cruz}{section.1}% 134
\BOOKMARK [2][-]{song1-135.2}{135. He is exalted}{section.1}% 135
\BOOKMARK [2][-]{song1-115.2}{115. Um Gesto de Amor}{section.1}% 136
\BOOKMARK [2][-]{song1-137.2}{137. Before there was time}{section.1}% 137
\BOOKMARK [2][-]{song1-138.2}{138. N\343o Tenho Mais Que Temer}{section.1}% 138
\BOOKMARK [2][-]{song1-139.2}{139. O Teu Poder}{section.1}% 139
\BOOKMARK [2][-]{song1-140.2}{140. Viver \351 Agir}{section.1}% 140
\BOOKMARK [2][-]{song1-141.2}{141. Brilhando Cada Vez Mais}{section.1}% 141
\BOOKMARK [2][-]{song1-142.2}{142. F\351 a Arder}{section.1}% 142
\BOOKMARK [2][-]{song1-143.2}{143. A Bandeira do C\351u}{section.1}% 143
\BOOKMARK [2][-]{song1-144.2}{144. Brilhar por Jesus}{section.1}% 144
\BOOKMARK [2][-]{song1-145.2}{145. Com Todo o Meu Ser}{section.1}% 145
\BOOKMARK [2][-]{song1-146.2}{146. H\341 Mais Vida}{section.1}% 146
\BOOKMARK [2][-]{song1-147.2}{147. Mensageiro}{section.1}% 147
\BOOKMARK [2][-]{song1-141.2}{141. O Sol Revela a Estrada}{section.1}% 148
\BOOKMARK [2][-]{song1-149.2}{149. Digno de Gl\363ria}{section.1}% 149
\BOOKMARK [2][-]{song1-150.2}{150. Estamos Juntos}{section.1}% 150
\BOOKMARK [2][-]{song1-151.2}{151. O Amor de Deus}{section.1}% 151
\BOOKMARK [2][-]{song1-152.2}{152. O Ti\347o Ti\347\343o}{section.1}% 152
\BOOKMARK [2][-]{song1-153.2}{153. Quem o Far\341}{section.1}% 153
\BOOKMARK [2][-]{song1-154.2}{154. Sil\352ncio Dentro de Mim}{section.1}% 154
\BOOKMARK [2][-]{song1-155.2}{155. Super-Her\363i}{section.1}% 155
\BOOKMARK [2][-]{song1-156.2}{156. A Tua Palavra}{section.1}% 156
