This is pdfTeX, Version 3.1415926-2.4-1.40.13 (TeX Live 2012) (format=pdflatex 2013.3.12)  23 MAR 2013 08:39
entering extended mode
 restricted \write18 enabled.
 %&-line parsing enabled.
**psalterio_separata_acreg_2013.tex
(./psalterio_separata_acreg_2013.tex
LaTeX2e <2011/06/27>
Babel <v3.8m> and hyphenation patterns for english, dumylang, nohyphenation, ge
rman-x-2012-05-30, ngerman-x-2012-05-30, afrikaans, ancientgreek, ibycus, arabi
c, armenian, basque, bulgarian, catalan, pinyin, coptic, croatian, czech, danis
h, dutch, ukenglish, usenglishmax, esperanto, estonian, ethiopic, farsi, finnis
h, french, friulan, galician, german, ngerman, swissgerman, monogreek, greek, h
ungarian, icelandic, assamese, bengali, gujarati, hindi, kannada, malayalam, ma
rathi, oriya, panjabi, tamil, telugu, indonesian, interlingua, irish, italian, 
kurmanji, latin, latvian, lithuanian, mongolian, mongolianlmc, bokmal, nynorsk,
 piedmontese, polish, portuguese, romanian, romansh, russian, sanskrit, serbian
, serbianc, slovak, slovenian, spanish, swedish, turkish, turkmen, ukrainian, u
ppersorbian, welsh, loaded.
(./format_regional_2013.tex
(/usr/local/texlive/2012/texmf-dist/tex/latex/base/article.cls
Document Class: article 2007/10/19 v1.4h Standard LaTeX document class
(/usr/local/texlive/2012/texmf-dist/tex/latex/base/size10.clo
File: size10.clo 2007/10/19 v1.4h Standard LaTeX file (size option)
)
\c@part=\count79
\c@section=\count80
\c@subsection=\count81
\c@subsubsection=\count82
\c@paragraph=\count83
\c@subparagraph=\count84
\c@figure=\count85
\c@table=\count86
\abovecaptionskip=\skip41
\belowcaptionskip=\skip42
\bibindent=\dimen102
)
(/usr/local/texlive/2012/texmf-dist/tex/latex/geometry/geometry.sty
Package: geometry 2010/09/12 v5.6 Page Geometry

(/usr/local/texlive/2012/texmf-dist/tex/latex/graphics/keyval.sty
Package: keyval 1999/03/16 v1.13 key=value parser (DPC)
\KV@toks@=\toks14
)
(/usr/local/texlive/2012/texmf-dist/tex/generic/oberdiek/ifpdf.sty
Package: ifpdf 2011/01/30 v2.3 Provides the ifpdf switch (HO)
Package ifpdf Info: pdfTeX in PDF mode is detected.
)
(/usr/local/texlive/2012/texmf-dist/tex/generic/oberdiek/ifvtex.sty
Package: ifvtex 2010/03/01 v1.5 Detect VTeX and its facilities (HO)
Package ifvtex Info: VTeX not detected.
)
(/usr/local/texlive/2012/texmf-dist/tex/generic/ifxetex/ifxetex.sty
Package: ifxetex 2010/09/12 v0.6 Provides ifxetex conditional
)
\Gm@cnth=\count87
\Gm@cntv=\count88
\c@Gm@tempcnt=\count89
\Gm@bindingoffset=\dimen103
\Gm@wd@mp=\dimen104
\Gm@odd@mp=\dimen105
\Gm@even@mp=\dimen106
\Gm@layoutwidth=\dimen107
\Gm@layoutheight=\dimen108
\Gm@layouthoffset=\dimen109
\Gm@layoutvoffset=\dimen110
\Gm@dimlist=\toks15
)
(../..//_include/psalterio.sty

LaTeX Warning: You have requested package `../..//_include/psalterio',
               but the package provides `_include/psalterio'.

Package: _include/psalterio 2011/08/06 v2.13 Songs package
(/usr/local/texlive/2012/texmf-dist/tex/latex/etex-pkg/etex.sty
Package: etex 1998/03/26 v2.0 eTeX basic definition package (PEB)
\et@xins=\count90
)
\SB@dimen=\dimen111
\SB@dimenii=\dimen112
\SB@dimeniii=\dimen113
\SB@dimeniv=\dimen114
\SB@box=\box26
\SB@boxii=\box27
\SB@boxiii=\box28
\SB@toks=\toks16
\SB@cnt=\count91
\SB@cntii=\count92
\SB@skip=\skip43
\c@songnum=\count93
\c@versenum=\count94
\versesep=\skip44
\afterpreludeskip=\skip45
\beforepostludeskip=\skip46
\baselineadj=\skip47
\idxheadwidth=\skip48
\songnumwidth=\skip49
\versenumwidth=\skip50
\cbarwidth=\skip51
\sbarheight=\skip52
\vvpenalty=\count95
\ccpenalty=\count96
\vcpenalty=\count97
\cvpenalty=\count98
\brkpenalty=\count99
\spenalty=\count100
\minfrets=\count101
\SB@colwidth=\dimen115
\SB@songbox=\box29
\SB@numcols=\count102
\SB@colnum=\count103
\SB@colbox=\box30
\SB@pgbox=\box31
\SB@mrkbox=\box32
\SB@groupcnt=\count104
\SB@titlelist=\toks17
\SB@titletail=\toks18
\SB@parindent=\dimen116
\SB@chorusbox=\box33
\SB@cmarkclass=\marks1
\SB@nocmarkclass=\marks2
\SB@grouplvl=\count105
\SB@srbox=\box34
\SB@transposefactor=\count106
\SB@lyric=\toks19
\SB@numhyps=\count107
\SB@lyricnohyp=\toks20
\SB@lyricbox=\box35
\SB@chordbox=\box36
\SB@cr@=\toks21
\SB@ctail=\toks22
\SB@fretwidth=\skip53
\SB@tabindent=\dimen117
\c@SB@songsnum=\count108
\SB@songwrites=\box37
\SB@idxtitlebox=\box38
LaTeX Font Info:    External font `cmex10' loaded for size
(Font)              <12> on input line 3614.
LaTeX Font Info:    External font `cmex10' loaded for size
(Font)              <8> on input line 3614.
LaTeX Font Info:    External font `cmex10' loaded for size
(Font)              <6> on input line 3614.
LaTeX Font Info:    External font `cmex10' loaded for size
(Font)              <10.95> on input line 3614.

(/usr/local/texlive/2012/texmf-dist/tex/latex/graphics/color.sty
Package: color 2005/11/14 v1.0j Standard LaTeX Color (DPC)

(/usr/local/texlive/2012/texmf-dist/tex/latex/latexconfig/color.cfg
File: color.cfg 2007/01/18 v1.5 color configuration of teTeX/TeXLive
)
Package color Info: Driver file: pdftex.def on input line 130.

(/usr/local/texlive/2012/texmf-dist/tex/latex/pdftex-def/pdftex.def
File: pdftex.def 2011/05/27 v0.06d Graphics/color for pdfTeX

(/usr/local/texlive/2012/texmf-dist/tex/generic/oberdiek/infwarerr.sty
Package: infwarerr 2010/04/08 v1.3 Providing info/warning/error messages (HO)
)
(/usr/local/texlive/2012/texmf-dist/tex/generic/oberdiek/ltxcmds.sty
Package: ltxcmds 2011/11/09 v1.22 LaTeX kernel commands for general use (HO)
)
\Gread@gobject=\count109
)))
(/usr/local/texlive/2012/texmf-dist/tex/latex/base/inputenc.sty
Package: inputenc 2008/03/30 v1.1d Input encoding file
\inpenc@prehook=\toks23
\inpenc@posthook=\toks24

(/usr/local/texlive/2012/texmf-dist/tex/latex/base/utf8.def
File: utf8.def 2008/04/05 v1.1m UTF-8 support for inputenc
Now handling font encoding OML ...
... no UTF-8 mapping file for font encoding OML
Now handling font encoding T1 ...
... processing UTF-8 mapping file for font encoding T1

(/usr/local/texlive/2012/texmf-dist/tex/latex/base/t1enc.dfu
File: t1enc.dfu 2008/04/05 v1.1m UTF-8 support for inputenc
   defining Unicode char U+00A1 (decimal 161)
   defining Unicode char U+00A3 (decimal 163)
   defining Unicode char U+00AB (decimal 171)
   defining Unicode char U+00BB (decimal 187)
   defining Unicode char U+00BF (decimal 191)
   defining Unicode char U+00C0 (decimal 192)
   defining Unicode char U+00C1 (decimal 193)
   defining Unicode char U+00C2 (decimal 194)
   defining Unicode char U+00C3 (decimal 195)
   defining Unicode char U+00C4 (decimal 196)
   defining Unicode char U+00C5 (decimal 197)
   defining Unicode char U+00C6 (decimal 198)
   defining Unicode char U+00C7 (decimal 199)
   defining Unicode char U+00C8 (decimal 200)
   defining Unicode char U+00C9 (decimal 201)
   defining Unicode char U+00CA (decimal 202)
   defining Unicode char U+00CB (decimal 203)
   defining Unicode char U+00CC (decimal 204)
   defining Unicode char U+00CD (decimal 205)
   defining Unicode char U+00CE (decimal 206)
   defining Unicode char U+00CF (decimal 207)
   defining Unicode char U+00D0 (decimal 208)
   defining Unicode char U+00D1 (decimal 209)
   defining Unicode char U+00D2 (decimal 210)
   defining Unicode char U+00D3 (decimal 211)
   defining Unicode char U+00D4 (decimal 212)
   defining Unicode char U+00D5 (decimal 213)
   defining Unicode char U+00D6 (decimal 214)
   defining Unicode char U+00D8 (decimal 216)
   defining Unicode char U+00D9 (decimal 217)
   defining Unicode char U+00DA (decimal 218)
   defining Unicode char U+00DB (decimal 219)
   defining Unicode char U+00DC (decimal 220)
   defining Unicode char U+00DD (decimal 221)
   defining Unicode char U+00DE (decimal 222)
   defining Unicode char U+00DF (decimal 223)
   defining Unicode char U+00E0 (decimal 224)
   defining Unicode char U+00E1 (decimal 225)
   defining Unicode char U+00E2 (decimal 226)
   defining Unicode char U+00E3 (decimal 227)
   defining Unicode char U+00E4 (decimal 228)
   defining Unicode char U+00E5 (decimal 229)
   defining Unicode char U+00E6 (decimal 230)
   defining Unicode char U+00E7 (decimal 231)
   defining Unicode char U+00E8 (decimal 232)
   defining Unicode char U+00E9 (decimal 233)
   defining Unicode char U+00EA (decimal 234)
   defining Unicode char U+00EB (decimal 235)
   defining Unicode char U+00EC (decimal 236)
   defining Unicode char U+00ED (decimal 237)
   defining Unicode char U+00EE (decimal 238)
   defining Unicode char U+00EF (decimal 239)
   defining Unicode char U+00F0 (decimal 240)
   defining Unicode char U+00F1 (decimal 241)
   defining Unicode char U+00F2 (decimal 242)
   defining Unicode char U+00F3 (decimal 243)
   defining Unicode char U+00F4 (decimal 244)
   defining Unicode char U+00F5 (decimal 245)
   defining Unicode char U+00F6 (decimal 246)
   defining Unicode char U+00F8 (decimal 248)
   defining Unicode char U+00F9 (decimal 249)
   defining Unicode char U+00FA (decimal 250)
   defining Unicode char U+00FB (decimal 251)
   defining Unicode char U+00FC (decimal 252)
   defining Unicode char U+00FD (decimal 253)
   defining Unicode char U+00FE (decimal 254)
   defining Unicode char U+00FF (decimal 255)
   defining Unicode char U+0102 (decimal 258)
   defining Unicode char U+0103 (decimal 259)
   defining Unicode char U+0104 (decimal 260)
   defining Unicode char U+0105 (decimal 261)
   defining Unicode char U+0106 (decimal 262)
   defining Unicode char U+0107 (decimal 263)
   defining Unicode char U+010C (decimal 268)
   defining Unicode char U+010D (decimal 269)
   defining Unicode char U+010E (decimal 270)
   defining Unicode char U+010F (decimal 271)
   defining Unicode char U+0110 (decimal 272)
   defining Unicode char U+0111 (decimal 273)
   defining Unicode char U+0118 (decimal 280)
   defining Unicode char U+0119 (decimal 281)
   defining Unicode char U+011A (decimal 282)
   defining Unicode char U+011B (decimal 283)
   defining Unicode char U+011E (decimal 286)
   defining Unicode char U+011F (decimal 287)
   defining Unicode char U+0130 (decimal 304)
   defining Unicode char U+0131 (decimal 305)
   defining Unicode char U+0132 (decimal 306)
   defining Unicode char U+0133 (decimal 307)
   defining Unicode char U+0139 (decimal 313)
   defining Unicode char U+013A (decimal 314)
   defining Unicode char U+013D (decimal 317)
   defining Unicode char U+013E (decimal 318)
   defining Unicode char U+0141 (decimal 321)
   defining Unicode char U+0142 (decimal 322)
   defining Unicode char U+0143 (decimal 323)
   defining Unicode char U+0144 (decimal 324)
   defining Unicode char U+0147 (decimal 327)
   defining Unicode char U+0148 (decimal 328)
   defining Unicode char U+014A (decimal 330)
   defining Unicode char U+014B (decimal 331)
   defining Unicode char U+0150 (decimal 336)
   defining Unicode char U+0151 (decimal 337)
   defining Unicode char U+0152 (decimal 338)
   defining Unicode char U+0153 (decimal 339)
   defining Unicode char U+0154 (decimal 340)
   defining Unicode char U+0155 (decimal 341)
   defining Unicode char U+0158 (decimal 344)
   defining Unicode char U+0159 (decimal 345)
   defining Unicode char U+015A (decimal 346)
   defining Unicode char U+015B (decimal 347)
   defining Unicode char U+015E (decimal 350)
   defining Unicode char U+015F (decimal 351)
   defining Unicode char U+0160 (decimal 352)
   defining Unicode char U+0161 (decimal 353)
   defining Unicode char U+0162 (decimal 354)
   defining Unicode char U+0163 (decimal 355)
   defining Unicode char U+0164 (decimal 356)
   defining Unicode char U+0165 (decimal 357)
   defining Unicode char U+016E (decimal 366)
   defining Unicode char U+016F (decimal 367)
   defining Unicode char U+0170 (decimal 368)
   defining Unicode char U+0171 (decimal 369)
   defining Unicode char U+0178 (decimal 376)
   defining Unicode char U+0179 (decimal 377)
   defining Unicode char U+017A (decimal 378)
   defining Unicode char U+017B (decimal 379)
   defining Unicode char U+017C (decimal 380)
   defining Unicode char U+017D (decimal 381)
   defining Unicode char U+017E (decimal 382)
   defining Unicode char U+200C (decimal 8204)
   defining Unicode char U+2013 (decimal 8211)
   defining Unicode char U+2014 (decimal 8212)
   defining Unicode char U+2018 (decimal 8216)
   defining Unicode char U+2019 (decimal 8217)
   defining Unicode char U+201A (decimal 8218)
   defining Unicode char U+201C (decimal 8220)
   defining Unicode char U+201D (decimal 8221)
   defining Unicode char U+201E (decimal 8222)
   defining Unicode char U+2030 (decimal 8240)
   defining Unicode char U+2031 (decimal 8241)
   defining Unicode char U+2039 (decimal 8249)
   defining Unicode char U+203A (decimal 8250)
   defining Unicode char U+2423 (decimal 9251)
)
Now handling font encoding OT1 ...
... processing UTF-8 mapping file for font encoding OT1

(/usr/local/texlive/2012/texmf-dist/tex/latex/base/ot1enc.dfu
File: ot1enc.dfu 2008/04/05 v1.1m UTF-8 support for inputenc
   defining Unicode char U+00A1 (decimal 161)
   defining Unicode char U+00A3 (decimal 163)
   defining Unicode char U+00B8 (decimal 184)
   defining Unicode char U+00BF (decimal 191)
   defining Unicode char U+00C5 (decimal 197)
   defining Unicode char U+00C6 (decimal 198)
   defining Unicode char U+00D8 (decimal 216)
   defining Unicode char U+00DF (decimal 223)
   defining Unicode char U+00E6 (decimal 230)
   defining Unicode char U+00EC (decimal 236)
   defining Unicode char U+00ED (decimal 237)
   defining Unicode char U+00EE (decimal 238)
   defining Unicode char U+00EF (decimal 239)
   defining Unicode char U+00F8 (decimal 248)
   defining Unicode char U+0131 (decimal 305)
   defining Unicode char U+0141 (decimal 321)
   defining Unicode char U+0142 (decimal 322)
   defining Unicode char U+0152 (decimal 338)
   defining Unicode char U+0153 (decimal 339)
   defining Unicode char U+2013 (decimal 8211)
   defining Unicode char U+2014 (decimal 8212)
   defining Unicode char U+2018 (decimal 8216)
   defining Unicode char U+2019 (decimal 8217)
   defining Unicode char U+201C (decimal 8220)
   defining Unicode char U+201D (decimal 8221)
)
Now handling font encoding OMS ...
... processing UTF-8 mapping file for font encoding OMS

(/usr/local/texlive/2012/texmf-dist/tex/latex/base/omsenc.dfu
File: omsenc.dfu 2008/04/05 v1.1m UTF-8 support for inputenc
   defining Unicode char U+00A7 (decimal 167)
   defining Unicode char U+00B6 (decimal 182)
   defining Unicode char U+00B7 (decimal 183)
   defining Unicode char U+2020 (decimal 8224)
   defining Unicode char U+2021 (decimal 8225)
   defining Unicode char U+2022 (decimal 8226)
)
Now handling font encoding OMX ...
... no UTF-8 mapping file for font encoding OMX
Now handling font encoding U ...
... no UTF-8 mapping file for font encoding U
   defining Unicode char U+00A9 (decimal 169)
   defining Unicode char U+00AA (decimal 170)
   defining Unicode char U+00AE (decimal 174)
   defining Unicode char U+00BA (decimal 186)
   defining Unicode char U+02C6 (decimal 710)
   defining Unicode char U+02DC (decimal 732)
   defining Unicode char U+200C (decimal 8204)
   defining Unicode char U+2026 (decimal 8230)
   defining Unicode char U+2122 (decimal 8482)
   defining Unicode char U+2423 (decimal 9251)
))
(/usr/local/texlive/2012/texmf-dist/tex/latex/graphics/graphicx.sty
Package: graphicx 1999/02/16 v1.0f Enhanced LaTeX Graphics (DPC,SPQR)

(/usr/local/texlive/2012/texmf-dist/tex/latex/graphics/graphics.sty
Package: graphics 2009/02/05 v1.0o Standard LaTeX Graphics (DPC,SPQR)

(/usr/local/texlive/2012/texmf-dist/tex/latex/graphics/trig.sty
Package: trig 1999/03/16 v1.09 sin cos tan (DPC)
)
(/usr/local/texlive/2012/texmf-dist/tex/latex/latexconfig/graphics.cfg
File: graphics.cfg 2010/04/23 v1.9 graphics configuration of TeX Live
)
Package graphics Info: Driver file: pdftex.def on input line 91.
)
\Gin@req@height=\dimen118
\Gin@req@width=\dimen119
)
(/usr/local/texlive/2012/texmf-dist/tex/latex/wrapfig/wrapfig.sty
\wrapoverhang=\dimen120
\WF@size=\dimen121
\c@WF@wrappedlines=\count110
\WF@box=\box39
\WF@everypar=\toks25
Package: wrapfig 2003/01/31  v 3.6
)
(/usr/local/texlive/2012/texmf-dist/tex/latex/wallpaper/wallpaper.sty
Package: wallpaper 2005/01/18, v1.01 easy wallpaper formatting (MHFW)

(/usr/local/texlive/2012/texmf-dist/tex/latex/base/ifthen.sty
Package: ifthen 2001/05/26 v1.1c Standard LaTeX ifthen package (DPC)
)
(/usr/local/texlive/2012/texmf-dist/tex/latex/tools/calc.sty
Package: calc 2007/08/22 v4.3 Infix arithmetic (KKT,FJ)
\calc@Acount=\count111
\calc@Bcount=\count112
\calc@Adimen=\dimen122
\calc@Bdimen=\dimen123
\calc@Askip=\skip54
\calc@Bskip=\skip55
LaTeX Info: Redefining \setlength on input line 76.
LaTeX Info: Redefining \addtolength on input line 77.
\calc@Ccount=\count113
\calc@Cskip=\skip56
)
(/usr/local/texlive/2012/texmf-dist/tex/latex/eso-pic/eso-pic.sty
Package: eso-pic 2010/10/06 v2.0c eso-pic (RN)

(/usr/local/texlive/2012/texmf-dist/tex/generic/oberdiek/atbegshi.sty
Package: atbegshi 2011/10/05 v1.16 At begin shipout hook (HO)
))
\wpXoffset=\skip57
\wpYoffset=\skip58
\tileXoffset=\skip59
\tileYoffset=\skip60
\tilewidth=\skip61
\tileheight=\skip62
\tileX=\skip63
\tileY=\skip64
)
(/usr/local/texlive/2012/texmf-dist/tex/latex/hyperref/hyperref.sty
Package: hyperref 2012/11/06 v6.83m Hypertext links for LaTeX

(/usr/local/texlive/2012/texmf-dist/tex/generic/oberdiek/hobsub-hyperref.sty
Package: hobsub-hyperref 2012/05/28 v1.13 Bundle oberdiek, subset hyperref (HO)


(/usr/local/texlive/2012/texmf-dist/tex/generic/oberdiek/hobsub-generic.sty
Package: hobsub-generic 2012/05/28 v1.13 Bundle oberdiek, subset generic (HO)
Package: hobsub 2012/05/28 v1.13 Construct package bundles (HO)
Package hobsub Info: Skipping package `infwarerr' (already loaded).
Package hobsub Info: Skipping package `ltxcmds' (already loaded).
Package: ifluatex 2010/03/01 v1.3 Provides the ifluatex switch (HO)
Package ifluatex Info: LuaTeX not detected.
Package hobsub Info: Skipping package `ifvtex' (already loaded).
Package: intcalc 2007/09/27 v1.1 Expandable calculations with integers (HO)
Package hobsub Info: Skipping package `ifpdf' (already loaded).
Package: etexcmds 2011/02/16 v1.5 Avoid name clashes with e-TeX commands (HO)
Package etexcmds Info: Could not find \expanded.
(etexcmds)             That can mean that you are not using pdfTeX 1.50 or
(etexcmds)             that some package has redefined \expanded.
(etexcmds)             In the latter case, load this package earlier.
Package: kvsetkeys 2012/04/25 v1.16 Key value parser (HO)
Package: kvdefinekeys 2011/04/07 v1.3 Define keys (HO)
Package: pdftexcmds 2011/11/29 v0.20 Utility functions of pdfTeX for LuaTeX (HO
)
Package pdftexcmds Info: LuaTeX not detected.
Package pdftexcmds Info: \pdf@primitive is available.
Package pdftexcmds Info: \pdf@ifprimitive is available.
Package pdftexcmds Info: \pdfdraftmode found.
Package: pdfescape 2011/11/25 v1.13 Implements pdfTeX's escape features (HO)
Package: bigintcalc 2012/04/08 v1.3 Expandable calculations on big integers (HO
)
Package: bitset 2011/01/30 v1.1 Handle bit-vector datatype (HO)
Package: uniquecounter 2011/01/30 v1.2 Provide unlimited unique counter (HO)
)
Package hobsub Info: Skipping package `hobsub' (already loaded).
Package: letltxmacro 2010/09/02 v1.4 Let assignment for LaTeX macros (HO)
Package: hopatch 2012/05/28 v1.2 Wrapper for package hooks (HO)
Package: xcolor-patch 2011/01/30 xcolor patch
Package: atveryend 2011/06/30 v1.8 Hooks at the very end of document (HO)
Package atveryend Info: \enddocument detected (standard20110627).
Package hobsub Info: Skipping package `atbegshi' (already loaded).
Package: refcount 2011/10/16 v3.4 Data extraction from label references (HO)
Package: hycolor 2011/01/30 v1.7 Color options for hyperref/bookmark (HO)
)
(/usr/local/texlive/2012/texmf-dist/tex/latex/oberdiek/auxhook.sty
Package: auxhook 2011/03/04 v1.3 Hooks for auxiliary files (HO)
)
(/usr/local/texlive/2012/texmf-dist/tex/latex/oberdiek/kvoptions.sty
Package: kvoptions 2011/06/30 v3.11 Key value format for package options (HO)
)
\@linkdim=\dimen124
\Hy@linkcounter=\count114
\Hy@pagecounter=\count115

(/usr/local/texlive/2012/texmf-dist/tex/latex/hyperref/pd1enc.def
File: pd1enc.def 2012/11/06 v6.83m Hyperref: PDFDocEncoding definition (HO)
Now handling font encoding PD1 ...
... no UTF-8 mapping file for font encoding PD1
)
\Hy@SavedSpaceFactor=\count116

(/usr/local/texlive/2012/texmf-dist/tex/latex/latexconfig/hyperref.cfg
File: hyperref.cfg 2002/06/06 v1.2 hyperref configuration of TeXLive
)
Package hyperref Info: Option `bookmarks' set `true' on input line 4319.
Package hyperref Info: Hyper figures OFF on input line 4443.
Package hyperref Info: Link nesting OFF on input line 4448.
Package hyperref Info: Hyper index ON on input line 4451.
Package hyperref Info: Plain pages OFF on input line 4458.
Package hyperref Info: Backreferencing OFF on input line 4463.
Package hyperref Info: Implicit mode ON; LaTeX internals redefined.
Package hyperref Info: Bookmarks ON on input line 4688.
\c@Hy@tempcnt=\count117

(/usr/local/texlive/2012/texmf-dist/tex/latex/url/url.sty
\Urlmuskip=\muskip10
Package: url 2006/04/12  ver 3.3  Verb mode for urls, etc.
)
LaTeX Info: Redefining \url on input line 5041.
\XeTeXLinkMargin=\dimen125
\Fld@menulength=\count118
\Field@Width=\dimen126
\Fld@charsize=\dimen127
Package hyperref Info: Hyper figures OFF on input line 6295.
Package hyperref Info: Link nesting OFF on input line 6300.
Package hyperref Info: Hyper index ON on input line 6303.
Package hyperref Info: backreferencing OFF on input line 6310.
Package hyperref Info: Link coloring OFF on input line 6315.
Package hyperref Info: Link coloring with OCG OFF on input line 6320.
Package hyperref Info: PDF/A mode OFF on input line 6325.
LaTeX Info: Redefining \ref on input line 6365.
LaTeX Info: Redefining \pageref on input line 6369.
\Hy@abspage=\count119
\c@Item=\count120
\c@Hfootnote=\count121
)

Package hyperref Message: Driver (autodetected): hpdftex.

(/usr/local/texlive/2012/texmf-dist/tex/latex/hyperref/hpdftex.def
File: hpdftex.def 2012/11/06 v6.83m Hyperref driver for pdfTeX
\Fld@listcount=\count122
\c@bookmark@seq@number=\count123

(/usr/local/texlive/2012/texmf-dist/tex/latex/oberdiek/rerunfilecheck.sty
Package: rerunfilecheck 2011/04/15 v1.7 Rerun checks for auxiliary files (HO)
Package uniquecounter Info: New unique counter `rerunfilecheck' on input line 2
82.
)
\Hy@SectionHShift=\skip65
)
(/usr/local/texlive/2012/texmf-dist/tex/latex/etoolbox/etoolbox.sty
Package: etoolbox 2011/01/03 v2.1 e-TeX tools for LaTeX
\etb@tempcnta=\count124
)
(/usr/local/texlive/2012/texmf-dist/tex/latex/oberdiek/transparent.sty
Package: transparent 2007/01/08 v1.0 Transparency via pdfTeX's color stack (HO)

))
\SB@out=\write3
\openout3 = `psalterio_separata_acreg_2013.sxc'.


(./psalterio_separata_acreg_2013.aux)
\openout1 = `psalterio_separata_acreg_2013.aux'.

LaTeX Font Info:    Checking defaults for OML/cmm/m/it on input line 18.
LaTeX Font Info:    ... okay on input line 18.
LaTeX Font Info:    Checking defaults for T1/cmr/m/n on input line 18.
LaTeX Font Info:    ... okay on input line 18.
LaTeX Font Info:    Checking defaults for OT1/cmr/m/n on input line 18.
LaTeX Font Info:    ... okay on input line 18.
LaTeX Font Info:    Checking defaults for OMS/cmsy/m/n on input line 18.
LaTeX Font Info:    ... okay on input line 18.
LaTeX Font Info:    Checking defaults for OMX/cmex/m/n on input line 18.
LaTeX Font Info:    ... okay on input line 18.
LaTeX Font Info:    Checking defaults for U/cmr/m/n on input line 18.
LaTeX Font Info:    ... okay on input line 18.
LaTeX Font Info:    Checking defaults for PD1/pdf/m/n on input line 18.
LaTeX Font Info:    ... okay on input line 18.

*geometry* driver: auto-detecting
*geometry* detected driver: pdftex
*geometry* verbose mode - [ preamble ] result:
* driver: pdftex
* paper: a5paper
* layout: <same size as paper>
* layoutoffset:(h,v)=(0.0pt,0.0pt)
* modes: 
* h-part:(L,W,R)=(71.13188pt, 321.51616pt, 28.45274pt)
* v-part:(T,H,B)=(56.9055pt, 512.14963pt, 28.45274pt)
* \paperwidth=421.10078pt
* \paperheight=597.50787pt
* \textwidth=321.51616pt
* \textheight=512.14963pt
* \oddsidemargin=-1.1381pt
* \evensidemargin=-1.1381pt
* \topmargin=-52.36449pt
* \headheight=12.0pt
* \headsep=25.0pt
* \topskip=10.0pt
* \footskip=30.0pt
* \marginparwidth=3.0pt
* \marginparsep=11.0pt
* \columnsep=10.0pt
* \skip\footins=9.0pt plus 4.0pt minus 2.0pt
* \hoffset=0.0pt
* \voffset=0.0pt
* \mag=1000
* \@twocolumnfalse
* \@twosidefalse
* \@mparswitchfalse
* \@reversemarginfalse
* (1in=72.27pt=25.4mm, 1cm=28.453pt)

LaTeX Font Info:    External font `cmex10' loaded for size
(Font)              <7> on input line 18.
LaTeX Font Info:    External font `cmex10' loaded for size
(Font)              <5> on input line 18.
LaTeX Font Info:    External font `cmex10' loaded for size
(Font)              <9> on input line 18.
(/usr/local/texlive/2012/texmf-dist/tex/context/base/supp-pdf.mkii
[Loading MPS to PDF converter (version 2006.09.02).]
\scratchcounter=\count125
\scratchdimen=\dimen128
\scratchbox=\box40
\nofMPsegments=\count126
\nofMParguments=\count127
\everyMPshowfont=\toks26
\MPscratchCnt=\count128
\MPscratchDim=\dimen129
\MPnumerator=\count129
\makeMPintoPDFobject=\count130
\everyMPtoPDFconversion=\toks27
) (/usr/local/texlive/2012/texmf-dist/tex/latex/oberdiek/epstopdf-base.sty
Package: epstopdf-base 2010/02/09 v2.5 Base part for package epstopdf

(/usr/local/texlive/2012/texmf-dist/tex/latex/oberdiek/grfext.sty
Package: grfext 2010/08/19 v1.1 Manage graphics extensions (HO)
)
Package grfext Info: Graphics extension search list:
(grfext)             [.png,.pdf,.jpg,.mps,.jpeg,.jbig2,.jb2,.PNG,.PDF,.JPG,.JPE
G,.JBIG2,.JB2,.eps]
(grfext)             \AppendGraphicsExtensions on input line 452.

(/usr/local/texlive/2012/texmf-dist/tex/latex/latexconfig/epstopdf-sys.cfg
File: epstopdf-sys.cfg 2010/07/13 v1.3 Configuration of (r)epstopdf for TeX Liv
e
))
\AtBeginShipoutBox=\box41
Package hyperref Info: Link coloring OFF on input line 18.

(/usr/local/texlive/2012/texmf-dist/tex/latex/hyperref/nameref.sty
Package: nameref 2012/10/27 v2.43 Cross-referencing by name of section

(/usr/local/texlive/2012/texmf-dist/tex/generic/oberdiek/gettitlestring.sty
Package: gettitlestring 2010/12/03 v1.4 Cleanup title references (HO)
)
\c@section@level=\count131
)
LaTeX Info: Redefining \ref on input line 18.
LaTeX Info: Redefining \pageref on input line 18.
LaTeX Info: Redefining \nameref on input line 18.

(./psalterio_separata_acreg_2013.out) (./psalterio_separata_acreg_2013.out)
\@outlinefile=\write4
\openout4 = `psalterio_separata_acreg_2013.out'.


<titlepage.pdf, id=96, 421.10081pt x 597.50786pt>
File: titlepage.pdf Graphic file (type pdf)
 <use titlepage.pdf>
Package pdftex.def Info: titlepage.pdf used on input line 28.
(pdftex.def)             Requested size: 421.1062pt x 597.5064pt.

<old-paper.jpg, id=97, 602.25pt x 872.25874pt>
File: old-paper.jpg Graphic file (type jpg)
 <use old-paper.jpg>
Package pdftex.def Info: old-paper.jpg used on input line 28.
(pdftex.def)             Requested size: 421.11264pt x 597.50694pt.
 [1

{/usr/local/texlive/2012/texmf-var/fonts/map/pdftex/updmap/pdftex.map} <./title
page.pdf> <./old-paper.jpg>] (../../songs/106_alegria.tex)
(../../songs/141_brilhando_cada_vez_mais.tex
File: titlepage.pdf Graphic file (type pdf)
 <use titlepage.pdf>
Package pdftex.def Info: titlepage.pdf used on input line 68.
(pdftex.def)             Requested size: 421.1062pt x 597.5064pt.
File: old-paper.jpg Graphic file (type jpg)

<use old-paper.jpg>
Package pdftex.def Info: old-paper.jpg used on input line 68.
(pdftex.def)             Requested size: 421.11264pt x 597.50694pt.
 [2

]) (../../songs/143_a_bandeira_do_ceu.tex
File: titlepage.pdf Graphic file (type pdf)

<use titlepage.pdf>
Package pdftex.def Info: titlepage.pdf used on input line 80.
(pdftex.def)             Requested size: 421.1062pt x 597.5064pt.
File: old-paper.jpg Graphic file (type jpg)
 <use old-paper.jpg>
Package pdftex.def Info: old-paper.jpg used on input line 80.
(pdftex.def)             Requested size: 421.11264pt x 597.50694pt.
 [3])
(../../songs/144_brilhar_por_jesus.tex
File: titlepage.pdf Graphic file (type pdf)
 <use titlepage.pdf>
Package pdftex.def Info: titlepage.pdf used on input line 92.
(pdftex.def)             Requested size: 421.1062pt x 597.5064pt.
File: old-paper.jpg Graphic file (type jpg)
 <use old-paper.jpg>
Package pdftex.def Info: old-paper.jpg used on input line 92.
(pdftex.def)             Requested size: 421.11264pt x 597.50694pt.

[4]
File: titlepage.pdf Graphic file (type pdf)
 <use titlepage.pdf>
Package pdftex.def Info: titlepage.pdf used on input line 92.
(pdftex.def)             Requested size: 421.1062pt x 597.5064pt.
File: old-paper.jpg Graphic file (type jpg)
 <use old-paper.jpg>
Package pdftex.def Info: old-paper.jpg used on input line 92.
(pdftex.def)             Requested size: 421.11264pt x 597.50694pt.
 [5])
(../../songs/145_com_todo_o_meu_ser.tex
File: titlepage.pdf Graphic file (type pdf)
 <use titlepage.pdf>
Package pdftex.def Info: titlepage.pdf used on input line 84.
(pdftex.def)             Requested size: 421.1062pt x 597.5064pt.
File: old-paper.jpg Graphic file (type jpg)

<use old-paper.jpg>
Package pdftex.def Info: old-paper.jpg used on input line 84.
(pdftex.def)             Requested size: 421.11264pt x 597.50694pt.
 [6]) (../../songs/149_digno_de_gloria.tex
File: titlepage.pdf Graphic file (type pdf)

<use titlepage.pdf>
Package pdftex.def Info: titlepage.pdf used on input line 49.
(pdftex.def)             Requested size: 421.1062pt x 597.5064pt.
File: old-paper.jpg Graphic file (type jpg)
 <use old-paper.jpg>
Package pdftex.def Info: old-paper.jpg used on input line 49.
(pdftex.def)             Requested size: 421.11264pt x 597.50694pt.
 [7])
(../../songs/150_estamos_juntos.tex
File: titlepage.pdf Graphic file (type pdf)
 <use titlepage.pdf>
Package pdftex.def Info: titlepage.pdf used on input line 69.
(pdftex.def)             Requested size: 421.1062pt x 597.5064pt.
File: old-paper.jpg Graphic file (type jpg)
 <use old-paper.jpg>
Package pdftex.def Info: old-paper.jpg used on input line 69.
(pdftex.def)             Requested size: 421.11264pt x 597.50694pt.

[8]) (../../songs/82_e_tempo_de_louvar.tex
File: titlepage.pdf Graphic file (type pdf)
 <use titlepage.pdf>
Package pdftex.def Info: titlepage.pdf used on input line 77.
(pdftex.def)             Requested size: 421.1062pt x 597.5064pt.
File: old-paper.jpg Graphic file (type jpg)

<use old-paper.jpg>
Package pdftex.def Info: old-paper.jpg used on input line 77.
(pdftex.def)             Requested size: 421.11264pt x 597.50694pt.
 [9]) (../../songs/91_jesus_em_breve_vira.tex
File: titlepage.pdf Graphic file (type pdf)

<use titlepage.pdf>
Package pdftex.def Info: titlepage.pdf used on input line 82.
(pdftex.def)             Requested size: 421.1062pt x 597.5064pt.
File: old-paper.jpg Graphic file (type jpg)
 <use old-paper.jpg>
Package pdftex.def Info: old-paper.jpg used on input line 82.
(pdftex.def)             Requested size: 421.11264pt x 597.50694pt.
 [10]) (../../songs/90_leao_de_juda.tex
File: titlepage.pdf Graphic file (type pdf)

<use titlepage.pdf>
Package pdftex.def Info: titlepage.pdf used on input line 80.
(pdftex.def)             Requested size: 421.1062pt x 597.5064pt.
File: old-paper.jpg Graphic file (type jpg)
 <use old-paper.jpg>
Package pdftex.def Info: old-paper.jpg used on input line 80.
(pdftex.def)             Requested size: 421.11264pt x 597.50694pt.
 [11]) (../../songs/147_mensageiro.tex
File: titlepage.pdf Graphic file (type pdf)

<use titlepage.pdf>
Package pdftex.def Info: titlepage.pdf used on input line 98.
(pdftex.def)             Requested size: 421.1062pt x 597.5064pt.
File: old-paper.jpg Graphic file (type jpg)
 <use old-paper.jpg>
Package pdftex.def Info: old-paper.jpg used on input line 98.
(pdftex.def)             Requested size: 421.11264pt x 597.50694pt.
 [12]
File: titlepage.pdf Graphic file (type pdf)
 <use titlepage.pdf>
Package pdftex.def Info: titlepage.pdf used on input line 98.
(pdftex.def)             Requested size: 421.1062pt x 597.5064pt.
File: old-paper.jpg Graphic file (type jpg)

<use old-paper.jpg>
Package pdftex.def Info: old-paper.jpg used on input line 98.
(pdftex.def)             Requested size: 421.11264pt x 597.50694pt.
 [13]) (../../songs/146_ha_mais_vida.tex
File: titlepage.pdf Graphic file (type pdf)

<use titlepage.pdf>
Package pdftex.def Info: titlepage.pdf used on input line 79.
(pdftex.def)             Requested size: 421.1062pt x 597.5064pt.
File: old-paper.jpg Graphic file (type jpg)
 <use old-paper.jpg>
Package pdftex.def Info: old-paper.jpg used on input line 79.
(pdftex.def)             Requested size: 421.11264pt x 597.50694pt.
 [14])
(../../songs/138_nao_tenho_mais_que_temer.tex
File: titlepage.pdf Graphic file (type pdf)
 <use titlepage.pdf>
Package pdftex.def Info: titlepage.pdf used on input line 68.
(pdftex.def)             Requested size: 421.1062pt x 597.5064pt.
File: old-paper.jpg Graphic file (type jpg)

<use old-paper.jpg>
Package pdftex.def Info: old-paper.jpg used on input line 68.
(pdftex.def)             Requested size: 421.11264pt x 597.50694pt.
 [15]) (../../songs/151_o_amor_de_deus.tex
File: titlepage.pdf Graphic file (type pdf)

<use titlepage.pdf>
Package pdftex.def Info: titlepage.pdf used on input line 82.
(pdftex.def)             Requested size: 421.1062pt x 597.5064pt.
File: old-paper.jpg Graphic file (type jpg)
 <use old-paper.jpg>
Package pdftex.def Info: old-paper.jpg used on input line 82.
(pdftex.def)             Requested size: 421.11264pt x 597.50694pt.
 [16]
File: titlepage.pdf Graphic file (type pdf)
 <use titlepage.pdf>
Package pdftex.def Info: titlepage.pdf used on input line 82.
(pdftex.def)             Requested size: 421.1062pt x 597.5064pt.
File: old-paper.jpg Graphic file (type jpg)

<use old-paper.jpg>
Package pdftex.def Info: old-paper.jpg used on input line 82.
(pdftex.def)             Requested size: 421.11264pt x 597.50694pt.
 [17]) (../../songs/89_o_senhor_marchando_esta.tex)
(../../songs/152_o_tico_ticao.tex
File: titlepage.pdf Graphic file (type pdf)
 <use titlepage.pdf>
Package pdftex.def Info: titlepage.pdf used on input line 76.
(pdftex.def)             Requested size: 421.1062pt x 597.5064pt.
File: old-paper.jpg Graphic file (type jpg)
 <use old-paper.jpg>
Package pdftex.def Info: old-paper.jpg used on input line 76.
(pdftex.def)             Requested size: 421.11264pt x 597.50694pt.

[18]) (../../songs/119_pra_te_adorar.tex
File: titlepage.pdf Graphic file (type pdf)
 <use titlepage.pdf>
Package pdftex.def Info: titlepage.pdf used on input line 60.
(pdftex.def)             Requested size: 421.1062pt x 597.5064pt.
File: old-paper.jpg Graphic file (type jpg)

<use old-paper.jpg>
Package pdftex.def Info: old-paper.jpg used on input line 60.
(pdftex.def)             Requested size: 421.11264pt x 597.50694pt.
 [19]) (../../songs/153_quem_o_fara.tex
File: titlepage.pdf Graphic file (type pdf)
 <use titlepage.pdf>
Package pdftex.def Info: titlepage.pdf used on input line 85.
(pdftex.def)             Requested size: 421.1062pt x 597.5064pt.
File: old-paper.jpg Graphic file (type jpg)

<use old-paper.jpg>
Package pdftex.def Info: old-paper.jpg used on input line 85.
(pdftex.def)             Requested size: 421.11264pt x 597.50694pt.
 [20]) (../../songs/154_silencio_dentro_de_mim.tex
File: titlepage.pdf Graphic file (type pdf)

<use titlepage.pdf>
Package pdftex.def Info: titlepage.pdf used on input line 63.
(pdftex.def)             Requested size: 421.1062pt x 597.5064pt.
File: old-paper.jpg Graphic file (type jpg)
 <use old-paper.jpg>
Package pdftex.def Info: old-paper.jpg used on input line 63.
(pdftex.def)             Requested size: 421.11264pt x 597.50694pt.
 [21]) (../../songs/155_super_heroi.tex
File: titlepage.pdf Graphic file (type pdf)

<use titlepage.pdf>
Package pdftex.def Info: titlepage.pdf used on input line 82.
(pdftex.def)             Requested size: 421.1062pt x 597.5064pt.
File: old-paper.jpg Graphic file (type jpg)
 <use old-paper.jpg>
Package pdftex.def Info: old-paper.jpg used on input line 82.
(pdftex.def)             Requested size: 421.11264pt x 597.50694pt.
 [22]) (../../songs/156_tua_palavra.tex
File: titlepage.pdf Graphic file (type pdf)

<use titlepage.pdf>
Package pdftex.def Info: titlepage.pdf used on input line 98.
(pdftex.def)             Requested size: 421.1062pt x 597.5064pt.
File: old-paper.jpg Graphic file (type jpg)
 <use old-paper.jpg>
Package pdftex.def Info: old-paper.jpg used on input line 98.
(pdftex.def)             Requested size: 421.11264pt x 597.50694pt.
 [23])
(../../songs/115_um_gesto_de_amor.tex
File: titlepage.pdf Graphic file (type pdf)
 <use titlepage.pdf>
Package pdftex.def Info: titlepage.pdf used on input line 73.
(pdftex.def)             Requested size: 421.1062pt x 597.5064pt.
File: old-paper.jpg Graphic file (type jpg)
 <use old-paper.jpg>
Package pdftex.def Info: old-paper.jpg used on input line 73.
(pdftex.def)             Requested size: 421.11264pt x 597.50694pt.

[24]
File: titlepage.pdf Graphic file (type pdf)
 <use titlepage.pdf>
Package pdftex.def Info: titlepage.pdf used on input line 73.
(pdftex.def)             Requested size: 421.1062pt x 597.5064pt.
File: old-paper.jpg Graphic file (type jpg)
 <use old-paper.jpg>
Package pdftex.def Info: old-paper.jpg used on input line 73.
(pdftex.def)             Requested size: 421.11264pt x 597.50694pt.
 [25])
File: titlepage.pdf Graphic file (type pdf)
 <use titlepage.pdf>
Package pdftex.def Info: titlepage.pdf used on input line 86.
(pdftex.def)             Requested size: 421.1062pt x 597.5064pt.
File: old-paper.jpg Graphic file (type jpg)

<use old-paper.jpg>
Package pdftex.def Info: old-paper.jpg used on input line 86.
(pdftex.def)             Requested size: 421.11264pt x 597.50694pt.
 [26]
\openout3 = `titleidx.sxd'.

 (./psalterio_separata_acreg_2013.sxc)
Package atveryend Info: Empty hook `BeforeClearDocument' on input line 92.
Package atveryend Info: Empty hook `AfterLastShipout' on input line 92.

(./psalterio_separata_acreg_2013.aux)
Package atveryend Info: Executing hook `AtVeryEndDocument' on input line 92.
Package atveryend Info: Executing hook `AtEndAfterFileList' on input line 92.
Package rerunfilecheck Info: File `psalterio_separata_acreg_2013.out' has not c
hanged.
(rerunfilecheck)             Checksum: 524BF9871397B0B9C74E0F23B7CB7A1A;1552.
Package atveryend Info: Empty hook `AtVeryVeryEnd' on input line 92.
 ) 
Here is how much of TeX's memory you used:
 7401 strings out of 493481
 106250 string characters out of 3140965
 236857 words of memory out of 3000000
 10488 multiletter control sequences out of 15000+200000
 13411 words of font info for 45 fonts, out of 3000000 for 9000
 957 hyphenation exceptions out of 8191
 41i,13n,36p,967b,454s stack positions out of 5000i,500n,10000p,200000b,50000s
</usr/local/texlive/2012/texmf-dist/fonts/type1/public/amsfonts/cm/cmr10.pfb>
</usr/local/texlive/2012/texmf-dist/fonts/type1/public/amsfonts/cm/cmr7.pfb></u
sr/local/texlive/2012/texmf-dist/fonts/type1/public/amsfonts/cm/cmr8.pfb></usr/
local/texlive/2012/texmf-dist/fonts/type1/public/amsfonts/cm/cmss12.pfb></usr/l
ocal/texlive/2012/texmf-dist/fonts/type1/public/amsfonts/cm/cmss8.pfb></usr/loc
al/texlive/2012/texmf-dist/fonts/type1/public/amsfonts/cm/cmssbx10.pfb></usr/lo
cal/texlive/2012/texmf-dist/fonts/type1/public/amsfonts/cm/cmti10.pfb></usr/loc
al/texlive/2012/texmf-dist/fonts/type1/public/amsfonts/cm/cmti9.pfb>
Output written on psalterio_separata_acreg_2013.pdf (26 pages, 888393 bytes).
PDF statistics:
 280 PDF objects out of 1000 (max. 8388607)
 233 compressed objects within 3 object streams
 50 named destinations out of 1000 (max. 500000)
 195 words of extra memory for PDF output out of 10000 (max. 10000000)

