\BOOKMARK [1][-]{section.1}{}{}% 1
\BOOKMARK [2][-]{song1-106.2}{106. Alegria}{section.1}% 2
\BOOKMARK [2][-]{song1-141.2}{141. Brilhando Cada Vez Mais}{section.1}% 3
\BOOKMARK [2][-]{song1-143.2}{143. A Bandeira do C\351u}{section.1}% 4
\BOOKMARK [2][-]{song1-144.2}{144. Brilhar por Jesus}{section.1}% 5
\BOOKMARK [2][-]{song1-145.2}{145. Com Todo o Meu Ser}{section.1}% 6
\BOOKMARK [2][-]{song1-149.2}{149. Digno de Gl\363ria}{section.1}% 7
\BOOKMARK [2][-]{song1-150.2}{150. Estamos Juntos}{section.1}% 8
\BOOKMARK [2][-]{song1-82.2}{82. \311 Tempo de Louvar}{section.1}% 9
\BOOKMARK [2][-]{song1-91.2}{91. Jesus em breve vir\341...}{section.1}% 10
\BOOKMARK [2][-]{song1-90.2}{90. Le\343o de Jud\341}{section.1}% 11
\BOOKMARK [2][-]{song1-147.2}{147. Mensageiro}{section.1}% 12
\BOOKMARK [2][-]{song1-146.2}{146. H\341 Mais Vida}{section.1}% 13
\BOOKMARK [2][-]{song1-138.2}{138. N\343o Tenho Mais Que Temer}{section.1}% 14
\BOOKMARK [2][-]{song1-151.2}{151. O Amor de Deus}{section.1}% 15
\BOOKMARK [2][-]{song1-89.2}{89. O Senhor Marchando Est\341}{section.1}% 16
\BOOKMARK [2][-]{song1-152.2}{152. O Ti\347o Ti\347\343o}{section.1}% 17
\BOOKMARK [2][-]{song1-119.2}{119. P'ra Te Adorar}{section.1}% 18
\BOOKMARK [2][-]{song1-153.2}{153. Quem o Far\341}{section.1}% 19
\BOOKMARK [2][-]{song1-154.2}{154. Sil\352ncio Dentro de Mim}{section.1}% 20
\BOOKMARK [2][-]{song1-155.2}{155. Super-Her\363i}{section.1}% 21
\BOOKMARK [2][-]{song1-156.2}{156. A Tua Palavra}{section.1}% 22
\BOOKMARK [2][-]{song1-115.2}{115. Um Gesto de Amor}{section.1}% 23
